# JRE version: Java(TM) SE Runtime Environment 18.9 (11.0.25+9) (build 11.0.25+9-LTS-256)
# Java VM: Java HotSpot(TM) 64-Bit Server VM 18.9 (11.0.25+9-LTS-256, mixed mode, tiered, compressed oops, g1 gc, windows-amd64)
Heap:
 garbage-first heap   total 520192K, used 437879K [0x00000000c0000000, 0x0000000100000000)
  region size 1024K, 8 young (8192K), 1 survivors (1024K)
 Metaspace       used 80916K, capacity 84327K, committed 84696K, reserved 1120256K
  class space    used 11227K, capacity 12867K, committed 13016K, reserved 1048576K
GC Heap History (10 events):
Event: 85.975 GC heap before
{Heap before GC invocations=25 (full 0):
 garbage-first heap   total 520192K, used 379554K [0x00000000c0000000, 0x0000000100000000)
  region size 1024K, 2 young (2048K), 1 survivors (1024K)
 Metaspace       used 80678K, capacity 84021K, committed 84312K, reserved 1120256K
  class space    used 11174K, capacity 12800K, committed 12888K, reserved 1048576K
}
Event: 85.977 GC heap after
{Heap after GC invocations=26 (full 0):
 garbage-first heap   total 520192K, used 379510K [0x00000000c0000000, 0x0000000100000000)
  region size 1024K, 1 young (1024K), 1 survivors (1024K)
 Metaspace       used 80678K, capacity 84021K, committed 84312K, reserved 1120256K
  class space    used 11174K, capacity 12800K, committed 12888K, reserved 1048576K
}
Event: 85.999 GC heap before
{Heap before GC invocations=27 (full 0):
 garbage-first heap   total 520192K, used 388726K [0x00000000c0000000, 0x0000000100000000)
  region size 1024K, 1 young (1024K), 1 survivors (1024K)
 Metaspace       used 80678K, capacity 84021K, committed 84312K, reserved 1120256K
  class space    used 11174K, capacity 12800K, committed 12888K, reserved 1048576K
}
Event: 86.000 GC heap after
{Heap after GC invocations=28 (full 0):
 garbage-first heap   total 520192K, used 388725K [0x00000000c0000000, 0x0000000100000000)
  region size 1024K, 1 young (1024K), 1 survivors (1024K)
 Metaspace       used 80678K, capacity 84021K, committed 84312K, reserved 1120256K
  class space    used 11174K, capacity 12800K, committed 12888K, reserved 1048576K
}
Event: 86.024 GC heap before
{Heap before GC invocations=29 (full 0):
 garbage-first heap   total 520192K, used 404085K [0x00000000c0000000, 0x0000000100000000)
  region size 1024K, 2 young (2048K), 1 survivors (1024K)
 Metaspace       used 80678K, capacity 84021K, committed 84312K, reserved 1120256K
  class space    used 11174K, capacity 12800K, committed 12888K, reserved 1048576K
}
Event: 86.025 GC heap after
{Heap after GC invocations=30 (full 0):
 garbage-first heap   total 520192K, used 404083K [0x00000000c0000000, 0x0000000100000000)
  region size 1024K, 1 young (1024K), 1 survivors (1024K)
 Metaspace       used 80678K, capacity 84021K, committed 84312K, reserved 1120256K
  class space    used 11174K, capacity 12800K, committed 12888K, reserved 1048576K
}
Event: 86.048 GC heap before
{Heap before GC invocations=31 (full 0):
 garbage-first heap   total 520192K, used 410227K [0x00000000c0000000, 0x0000000100000000)
  region size 1024K, 1 young (1024K), 1 survivors (1024K)
 Metaspace       used 80678K, capacity 84021K, committed 84312K, reserved 1120256K
  class space    used 11174K, capacity 12800K, committed 12888K, reserved 1048576K
}
Event: 86.049 GC heap after
{Heap after GC invocations=32 (full 0):
 garbage-first heap   total 520192K, used 410229K [0x00000000c0000000, 0x0000000100000000)
  region size 1024K, 1 young (1024K), 1 survivors (1024K)
 Metaspace       used 80678K, capacity 84021K, committed 84312K, reserved 1120256K
  class space    used 11174K, capacity 12800K, committed 12888K, reserved 1048576K
}
Event: 86.073 GC heap before
{Heap before GC invocations=33 (full 0):
 garbage-first heap   total 520192K, used 419445K [0x00000000c0000000, 0x0000000100000000)
  region size 1024K, 1 young (1024K), 1 survivors (1024K)
 Metaspace       used 80678K, capacity 84021K, committed 84312K, reserved 1120256K
  class space    used 11174K, capacity 12800K, committed 12888K, reserved 1048576K
}
Event: 86.074 GC heap after
{Heap after GC invocations=34 (full 0):
 garbage-first heap   total 520192K, used 419447K [0x00000000c0000000, 0x0000000100000000)
  region size 1024K, 1 young (1024K), 1 survivors (1024K)
 Metaspace       used 80678K, capacity 84021K, committed 84312K, reserved 1120256K
  class space    used 11174K, capacity 12800K, committed 12888K, reserved 1048576K
}

